<beans xmlns="http://www.springframework.org/schema/beans"
       xmlns:xsi="http://www.w3.org/2001/XMLSchema-instance"
       xmlns:context="http://www.springframework.org/schema/context"
       xmlns:aop="http://www.springframework.org/schema/aop"
       xsi:schemaLocation="http://www.springframework.org/schema/beans http://www.springframework.org/schema/beans/spring-beans-3.0.xsd
			http://www.springframework.org/schema/aop http://www.springframework.org/schema/aop/spring-aop-3.0.xsd
			http://www.springframework.org/schema/context
			http://www.springframework.org/schema/context/spring-context-3.0.xsd">


    <aop:aspectj-autoproxy/>

    <context:annotation-config/>


    <import resource="classpath*:test-payment-api.xml"/>


    <bean id="testPaymentGateway" class="org.yes.cart.payment.impl.TestPaymentGatewayImpl" scope="prototype"/>

    <bean id="testExtFormPaymentGateway" class="org.yes.cart.payment.impl.TestExtFormPaymentGatewayImpl" scope="prototype"/>

    <bean id="courierPaymentGateway" class="org.yes.cart.payment.impl.CourierPaymentGatewayImpl" scope="prototype"/>


    <bean id="courierPaymentGatewayDescriptor" class="org.yes.cart.payment.persistence.entity.impl.PaymentGatewayDescriptorImpl">
        <property name="label" value="courierPaymentGatewayLabel"/>
        <property name="name" value="Test Payment Gateway"/>
        <property name="url" value="courierPaymentGateway"/>
        <!--name without protocol mean spring context-->
        <property name="description" value="Offline courier payment gateway"/>
    </bean>


    <bean id="testPaymentGatewayDescriptor" class="org.yes.cart.payment.persistence.entity.impl.PaymentGatewayDescriptorImpl">
        <property name="label" value="testPaymentGatewayLabel"/>
        <property name="name" value="Test Payment Gateway"/>
        <property name="url" value="testPaymentGateway"/>
        <!--name without protocol mean spring context-->
        <property name="description" value="test payment module used for test purposes only in test content only"/>
    </bean>

    <bean id="testExtFormPaymentGatewayDescriptor" class="org.yes.cart.payment.persistence.entity.impl.PaymentGatewayDescriptorImpl">
        <property name="label" value="testExtFormPaymentGatewayLabel"/>
        <property name="name" value="Test External Form Payment Gateway"/>
        <property name="url" value="testExtFormPaymentGateway"/>
        <!--name without protocol mean spring context-->
        <property name="description" value="test payment module with external form processing used for test purposes only in test content only"/>
    </bean>

    <bean id="basePaymentModule" class="org.yes.cart.payment.impl.PaymentModuleBaseSetImpl">
        <property name="descriptor">
            <bean class="org.yes.cart.payment.persistence.entity.impl.DescriptorImpl">
                <property name="name" value="Base payment module"/>
                <property name="label" value="basePaymentModule"/>
                <property name="description"
                          value="Base set of payment gateways like gift certificate, test, carrier, bank transfer and pay pall express"/>
            </bean>
        </property>
        <property name="gateways">
            <map>
                <entry key="testPaymentGateway" value-ref="testPaymentGatewayDescriptor"/>
                <entry key="courierPaymentGateway" value-ref="courierPaymentGatewayDescriptor"/>
                <entry key="testExtFormPaymentGateway" value-ref="testExtFormPaymentGatewayDescriptor"/>
            </map>
        </property>
    </bean>

</beans>