<!--
  ~ Copyright 2009 Igor Azarnyi, Denys Pavlov
  ~
  ~    Licensed under the Apache License, Version 2.0 (the "License");
  ~    you may not use this file except in compliance with the License.
  ~    You may obtain a copy of the License at
  ~
  ~        http://www.apache.org/licenses/LICENSE-2.0
  ~
  ~    Unless required by applicable law or agreed to in writing, software
  ~    distributed under the License is distributed on an "AS IS" BASIS,
  ~    WITHOUT WARRANTIES OR CONDITIONS OF ANY KIND, either express or implied.
  ~    See the License for the specific language governing permissions and
  ~    limitations under the License.
  -->

<beans xmlns="http://www.springframework.org/schema/beans"
       xmlns:xsi="http://www.w3.org/2001/XMLSchema-instance"
       xmlns:context="http://www.springframework.org/schema/context"
       xmlns:aop="http://www.springframework.org/schema/aop"
       xsi:schemaLocation="http://www.springframework.org/schema/beans
                           http://www.springframework.org/schema/beans/spring-beans.xsd
                           http://www.springframework.org/schema/aop
                           http://www.springframework.org/schema/aop/spring-aop.xsd
                           http://www.springframework.org/schema/context
                           http://www.springframework.org/schema/context/spring-context.xsd">


    <aop:aspectj-autoproxy/>

    <context:annotation-config/>


    <import resource="classpath*:test-payment-api.xml"/>


    <bean id="testPaymentGateway" class="org.yes.cart.payment.impl.TestPaymentGatewayImpl" scope="prototype"/>

    <bean id="testExtFormPaymentGateway" class="org.yes.cart.payment.impl.TestExtFormPaymentGatewayImpl" scope="prototype"/>

    <bean id="courierPaymentGateway" class="org.yes.cart.payment.impl.CourierPaymentGatewayImpl" scope="prototype"/>


    <bean id="courierPaymentGatewayDescriptor" class="org.yes.cart.payment.persistence.entity.impl.PaymentGatewayDescriptorImpl">
        <property name="label" value="courierPaymentGatewayLabel"/>
        <property name="url" value="courierPaymentGateway"/>
        <!--name without protocol mean spring context-->
        <property name="description" value="Offline courier payment gateway"/>
    </bean>


    <bean id="testPaymentGatewayDescriptor" class="org.yes.cart.payment.persistence.entity.impl.PaymentGatewayDescriptorImpl">
        <property name="label" value="testPaymentGatewayLabel"/>
        <property name="url" value="testPaymentGateway"/>
        <!--name without protocol mean spring context-->
        <property name="description" value="test payment module used for test purposes only in test content only"/>
    </bean>

    <bean id="testExtFormPaymentGatewayDescriptor" class="org.yes.cart.payment.persistence.entity.impl.PaymentGatewayDescriptorImpl">
        <property name="label" value="testExtFormPaymentGatewayLabel"/>
        <property name="url" value="testExtFormPaymentGateway"/>
        <!--name without protocol mean spring context-->
        <property name="description" value="test payment module with external form processing used for test purposes only in test content only"/>
    </bean>

    <bean id="basePaymentModule" class="org.yes.cart.payment.impl.PaymentModuleBaseSetImpl">
        <property name="descriptor">
            <bean class="org.yes.cart.payment.persistence.entity.impl.DescriptorImpl">
                <property name="label" value="basePaymentModule"/>
                <property name="description"
                          value="Base set of payment gateways like gift certificate, test, carrier, bank transfer and pay pall express"/>
            </bean>
        </property>
        <property name="gateways">
            <map>
                <entry key="testPaymentGateway" value-ref="testPaymentGatewayDescriptor"/>
                <entry key="courierPaymentGateway" value-ref="courierPaymentGatewayDescriptor"/>
                <entry key="testExtFormPaymentGateway" value-ref="testExtFormPaymentGatewayDescriptor"/>
            </map>
        </property>
    </bean>

</beans>