<beans xmlns="http://www.springframework.org/schema/beans"
       xmlns:xsi="http://www.w3.org/2001/XMLSchema-instance"
       xmlns:context="http://www.springframework.org/schema/context"
       xmlns:aop="http://www.springframework.org/schema/aop"
       xmlns:tx="http://www.springframework.org/schema/tx"
       xmlns:util="http://www.springframework.org/schema/util"
       xsi:schemaLocation="http://www.springframework.org/schema/beans http://www.springframework.org/schema/beans/spring-beans-2.0.xsd
			http://www.springframework.org/schema/aop http://www.springframework.org/schema/aop/spring-aop-2.0.xsd
			http://www.springframework.org/schema/tx http://www.springframework.org/schema/tx/spring-tx-2.0.xsd
			http://www.springframework.org/schema/context
			http://www.springframework.org/schema/context/spring-context-2.5.xsd
			http://www.springframework.org/schema/util http://www.springframework.org/schema/util/spring-util-2.0.xsd">


    <aop:aspectj-autoproxy/>

    <context:annotation-config/>


    
    <import resource="../../../../payment-api/src/test/resources/test-payment-api.xml"/>


    <bean id="cyberSourcePaymentGateway" class="org.yes.cart.payment.impl.CyberSourcePaymentGatewayImpl" scope="prototype">
        <property name="paymentGatewayParameterService" ref="paymentGatewayParameterService"/>
    </bean>

    <bean id="authorizeNetAimPaymentGateway" class="org.yes.cart.payment.impl.AuthorizeNetAimPaymentGatewayImpl" scope="prototype">
        <property name="paymentGatewayParameterService" ref="paymentGatewayParameterService"/>
    </bean>

    <bean id="payflowPaymentGateway" class="org.yes.cart.payment.impl.PayflowPaymentGatewayImpl" scope="prototype">
        <property name="paymentGatewayParameterService" ref="paymentGatewayParameterService"/>
    </bean>

    <bean id="payPalNvpPaymentGateway" class="org.yes.cart.payment.impl.PayPalNvpPaymentGatewayImpl" scope="prototype">
        <property name="paymentGatewayParameterService" ref="paymentGatewayParameterService"/>
    </bean>


</beans>