<beans xmlns="http://www.springframework.org/schema/beans"
       xmlns:xsi="http://www.w3.org/2001/XMLSchema-instance"
       xsi:schemaLocation="http://www.springframework.org/schema/beans
                           http://www.springframework.org/schema/beans/spring-beans.xsd">


    <!-- HSQLDB Data Source -->
    <bean id="dataSource" class="org.apache.commons.dbcp.BasicDataSource">
        <property name="driverClassName" value="org.hsqldb.jdbcDriver"/>
        <property name="url" value="jdbc:hsqldb:mem:testyesdb"/>
        <property name="username" value="sa"/>
        <property name="password" value=""/>
        <property name="initialSize" value="5"/>
        <property name="maxActive" value="100"/>
        <property name="poolPreparedStatements" value="true"/>
        <property name="maxOpenPreparedStatements" value="100"/>
        <property name="defaultAutoCommit" value="true"/>
    </bean>

    <bean id="payDataSource" class="org.apache.commons.dbcp.BasicDataSource">
        <property name="driverClassName" value="org.hsqldb.jdbcDriver"/>
        <property name="url" value="jdbc:hsqldb:mem:testyespaydb"/>
        <property name="username" value="sa"/>
        <property name="password" value=""/>
        <property name="initialSize" value="5"/>
        <property name="maxActive" value="100"/>
        <property name="poolPreparedStatements" value="true"/>
        <property name="maxOpenPreparedStatements" value="100"/>
        <property name="defaultAutoCommit" value="true"/>
    </bean>


</beans>