<!--
  ~ Copyright 2009 Igor Azarnyi, Denys Pavlov
  ~
  ~    Licensed under the Apache License, Version 2.0 (the "License");
  ~    you may not use this file except in compliance with the License.
  ~    You may obtain a copy of the License at
  ~
  ~        http://www.apache.org/licenses/LICENSE-2.0
  ~
  ~    Unless required by applicable law or agreed to in writing, software
  ~    distributed under the License is distributed on an "AS IS" BASIS,
  ~    WITHOUT WARRANTIES OR CONDITIONS OF ANY KIND, either express or implied.
  ~    See the License for the specific language governing permissions and
  ~    limitations under the License.
  -->

<beans xmlns="http://www.springframework.org/schema/beans"
       xmlns:xsi="http://www.w3.org/2001/XMLSchema-instance"
       xmlns:context="http://www.springframework.org/schema/context"
       xmlns:aop="http://www.springframework.org/schema/aop"
       xsi:schemaLocation="http://www.springframework.org/schema/beans http://www.springframework.org/schema/beans/spring-beans-3.0.xsd
			http://www.springframework.org/schema/aop http://www.springframework.org/schema/aop/spring-aop-3.0.xsd
			http://www.springframework.org/schema/context
			http://www.springframework.org/schema/context/spring-context-3.0.xsd">


    <aop:aspectj-autoproxy/>

    <context:annotation-config/>


    
    <import resource="classpath*:test-payment-api.xml"/>

    <bean id="googleNotificationPaymentDao" parent="txPayProxyTemplate">
        <property name="target">
            <bean class="org.yes.cart.payment.persistence.service.impl.PaymentModuleGenericDAOImpl">
                <constructor-arg index="0" value="org.yes.cart.payment.persistence.entity.impl.GoogleNotificationHistoryEntity"/>
                <property name="sessionFactory" ref="paySessionFactory"/>
            </bean>
        </property>
    </bean>


</beans>