<beans xmlns="http://www.springframework.org/schema/beans"
       xmlns:xsi="http://www.w3.org/2001/XMLSchema-instance"
       xmlns:context="http://www.springframework.org/schema/context"
       xmlns:aop="http://www.springframework.org/schema/aop"
       xsi:schemaLocation="http://www.springframework.org/schema/beans http://www.springframework.org/schema/beans/spring-beans-3.0.xsd
			http://www.springframework.org/schema/aop http://www.springframework.org/schema/aop/spring-aop-3.0.xsd
			http://www.springframework.org/schema/context
			http://www.springframework.org/schema/context/spring-context-3.0.xsd">


    <aop:aspectj-autoproxy/>

    <context:annotation-config/>


    
    <import resource="../../../../payment-api/src/test/resources/test-payment-api.xml"/>

    <bean id="googleNotificationPaymentDao" parent="txPayProxyTemplate">
        <property name="target">
            <bean class="org.yes.cart.payment.persistence.service.impl.PaymentModuleGenericDAOImpl">
                <constructor-arg index="0" value="org.yes.cart.payment.persistence.entity.impl.GoogleNotificationHistoryEntity"/>
                <property name="sessionFactory" ref="paySessionFactory"/>
            </bean>
        </property>
    </bean>


</beans>