<beans xmlns="http://www.springframework.org/schema/beans"
       xmlns:xsi="http://www.w3.org/2001/XMLSchema-instance"
       xmlns:context="http://www.springframework.org/schema/context"
       xmlns:aop="http://www.springframework.org/schema/aop"
       xmlns:tx="http://www.springframework.org/schema/tx"
       xmlns:util="http://www.springframework.org/schema/util"
       xsi:schemaLocation="http://www.springframework.org/schema/beans http://www.springframework.org/schema/beans/spring-beans-2.0.xsd
			http://www.springframework.org/schema/aop http://www.springframework.org/schema/aop/spring-aop-2.0.xsd
			http://www.springframework.org/schema/tx http://www.springframework.org/schema/tx/spring-tx-2.0.xsd
			http://www.springframework.org/schema/context
			http://www.springframework.org/schema/context/spring-context-2.5.xsd
			http://www.springframework.org/schema/util http://www.springframework.org/schema/util/spring-util-2.0.xsd">


    <aop:aspectj-autoproxy/>

    <context:annotation-config/>

    <bean id="payDataSource" class="org.apache.commons.dbcp.BasicDataSource">
        <property name="driverClassName" value="org.hsqldb.jdbcDriver"/>
        <property name="url" value="jdbc:hsqldb:mem:testnpapaydb"/>
        <property name="username" value="sa"/>
        <property name="password" value=""/>
        <property name="initialSize" value="5"/>
        <property name="maxActive" value="100"/>
        <property name="poolPreparedStatements" value="true"/>
        <property name="maxOpenPreparedStatements" value="100"/>
        <property name="defaultAutoCommit" value="true"/>
    </bean>



    <bean id="paySessionFactory"
          class="org.springframework.orm.hibernate4.LocalSessionFactoryBean">
        <property name="dataSource" ref="payDataSource"/>
        <property name="annotatedClasses">
            <list>
                <value>org.yes.cart.payment.persistence.entity.impl.CustomerOrderPaymentEntity</value>
                <value>org.yes.cart.payment.persistence.entity.impl.PaymentGatewayParameterEntity</value>
            </list>
        </property>
        <property name="hibernateProperties">
            <map>
                <entry key="hibernate.show_sql" value="false"/>
                <entry key="hibernate.dialect" value="org.hibernate.dialect.HSQLDialect"/>
                <entry key="hibernate.hbm2ddl.auto" value="create"/>
                <entry key="hibernate.connection.autocommit" value="true"/>
            </map>
        </property>
        <property name="entityInterceptor">
            <bean class="org.yes.cart.payment.persistence.service.impl.AuditInterceptor"/>
        </property>
        
    </bean>


    <bean id="payTransactionManager" class="org.springframework.orm.hibernate4.HibernateTransactionManager">
        <property name="sessionFactory" ref="paySessionFactory"/>
    </bean>


    <bean id="txPayProxyTemplate" abstract="true"
          class="org.springframework.transaction.interceptor.TransactionProxyFactoryBean">
        <property name="transactionManager" ref="payTransactionManager"/>
        <property name="transactionAttributes">
            <props>
                <prop key="create*">PROPAGATION_REQUIRED</prop>
                <prop key="update*">PROPAGATION_REQUIRED</prop>
                <prop key="delete*">PROPAGATION_REQUIRED</prop>
                <prop key="remove*">PROPAGATION_REQUIRED</prop>
                <prop key="save*">PROPAGATION_REQUIRED</prop>
                <prop key="assign*">PROPAGATION_REQUIRED</prop>
                <prop key="unassign*">PROPAGATION_REQUIRED</prop>
                <prop key="reset*">PROPAGATION_REQUIRED</prop>
                <prop key="*">PROPAGATION_REQUIRED,readOnly</prop>
            </props>
        </property>
    </bean>

    <bean id="customerOrderPaymentDao" parent="txPayProxyTemplate">
        <property name="target">
            <bean class="org.yes.cart.payment.persistence.service.impl.PaymentModuleGenericDAOImpl">
                <constructor-arg index="0" value="org.yes.cart.payment.persistence.entity.impl.CustomerOrderPaymentEntity"/>
                <property name="sessionFactory" ref="paySessionFactory"/>
            </bean>
        </property>
    </bean>

    <bean id="paymentGatewayParameterDao" parent="txPayProxyTemplate">
        <property name="target">
            <bean class="org.yes.cart.payment.persistence.service.impl.PaymentModuleGenericDAOImpl">
                <constructor-arg index="0" value="org.yes.cart.payment.persistence.entity.impl.PaymentGatewayParameterEntity"/>
                <property name="sessionFactory" ref="paySessionFactory"/>
            </bean>
        </property>
    </bean>


    <bean id="customerOrderPaymentService" parent="txPayProxyTemplate">
        <property name="target">
            <bean class="org.yes.cart.payment.service.impl.CustomerOrderPaymentServiceImpl">
                <constructor-arg index="0" type="org.yes.cart.payment.persistence.service.PaymentModuleGenericDAO"  ref="customerOrderPaymentDao"/>
            </bean>
        </property>
    </bean>

    <bean id="paymentGatewayParameterService" parent="txPayProxyTemplate">
        <property name="target">
            <bean class="org.yes.cart.payment.service.impl.PaymentGatewayParameterServiceImpl">
                <constructor-arg index="0" type="org.yes.cart.payment.persistence.service.PaymentModuleGenericDAO"  ref="paymentGatewayParameterDao"/>
            </bean>
        </property>
    </bean>


</beans>